<?xml version="1.0" encoding="UTF-8"?>
<!-- Generated by org.testng.reporters.JUnitXMLReporter -->
<testsuite hostname="DESKTOP-T8SMU7R" ignored="0" name="Command line test" tests="5" failures="0" timestamp="15 Jul 2020 20:37:22 GMT" time="70.804" errors="0">
  <testcase name="validateAmountFilterTest" time="4.636" classname="com.check24.HomePageTest"/>
  <testcase name="validateAmountAndDurationFilterTest" time="7.715" classname="com.check24.HomePageTest"/>
  <testcase name="validateAmountAndDurationFilterAndPurposeTest" time="10.958" classname="com.check24.HomePageTest"/>
  <testcase name="validateFilterTest" time="7.186" classname="com.check24.HomePageTest"/>
  <testcase name="validateProductsTest" time="4.313" classname="com.check24.HomePageTest"/>
</testsuite> <!-- Command line test -->
